/clock
/diagnostics
/free_cells_vis_array
/gazebo/link_states
/gazebo/model_states
/gazebo/parameter_descriptions
/gazebo/parameter_updates
/gazebo/performance_metrics
/gazebo/set_link_state
/gazebo/set_model_state
/goal
/initialpose
/joy/set_feedback
/mavlink/from
/mavlink/gcs_ip
/mavlink/to
/mavros/actuator_control
/mavros/altitude
/mavros/battery
/mavros/battery2
/mavros/camera/image_captured
/mavros/esc_info
/mavros/esc_status
/mavros/esc_telemetry
/mavros/estimator_status
/mavros/extended_state
/mavros/geofence/waypoints
/mavros/gimbal_control/command
/mavros/gimbal_control/orientation
/mavros/gimbal_control/status
/mavros/global_position/rel_alt
/mavros/gps_input/gps_input
/mavros/imu/data
/mavros/imu/data_raw
/mavros/imu/diff_pressure
/mavros/imu/mag
/mavros/imu/static_pressure
/mavros/imu/temperature_baro
/mavros/imu/temperature_imu
/mavros/local_position/accel
/mavros/local_position/odom
/mavros/local_position/pose
/mavros/local_position/pose_cov
/mavros/local_position/velocity_body
/mavros/local_position/velocity_body_cov
/mavros/local_position/velocity_local
/mavros/mag_calibration/report
/mavros/mag_calibration/status
/mavros/mount_control/command
/mavros/mount_control/orientation
/mavros/mount_control/status
/mavros/nav_controller_output
/mavros/onboard_computer/status
/mavros/param/param_value
/mavros/rallypoint/waypoints
/mavros/setpoint_raw/attitude
/mavros/setpoint_raw/global
/mavros/setpoint_raw/local
/mavros/setpoint_raw/target_attitude
/mavros/setpoint_raw/target_global
/mavros/setpoint_raw/target_local
/mavros/state
/mavros/statustext/recv
/mavros/statustext/send
/mavros/target_actuator_control
/mavros/time_reference
/mavros/timesync_status
/mavros/trajectory/desired
/mavros/trajectory/generated
/mavros/trajectory/path
/mavros/tunnel/in
/mavros/tunnel/out
/mavros/vision_pose/pose
/mavros/vision_pose/pose_cov
/mavros/vision_speed/speed_twist_cov
/occupied_cells_vis_array
/octomap_binary
/octomap_full
/octomap_point_cloud_centers
/octomap_server/parameter_descriptions
/octomap_server/parameter_updates
/planning_vis/trajectory
/projected_map
/prometheus/control/attitude_reference
/prometheus/control/ref_pose_rviz
/prometheus/control_command
/prometheus/control_command_station
/prometheus/drone_odom
/prometheus/drone_state
/prometheus/drone_trajectory
/prometheus/fast_planner/position_cmd
/prometheus/fast_planning/replan
/prometheus/log/control
/prometheus/message/circle_det
/prometheus/message/fast_planner
/prometheus/message/global_planner
/prometheus/message/kcf_det
/prometheus/message/landpad_det
/prometheus/message/local_planner
/prometheus/message/main
/prometheus/message/num_det
/prometheus/planning/bspline
/prometheus/planning/goal
/prometheus/planning/state
/prometheus/planning/stop_cmd
/prometheus/planning/traj
/prometheus/reference_trajectory
/prometheus/sensor/monocular_front/image_raw
/prometheus/sensors/3Dlidar_scan
/prometheus/sensors/pcl2
/prometheus/switch/fast_planner
/rosout
/rosout_agg
/sdf_map/inflate_cloud
/slam/pose
/t265/odom/sample
/tf
/tf_static
/uav1/joy
/uav1/prometheus/fake_rc_in
/uav1/prometheus/ground_truth
/vicon/p450/p450
/vrpn_client_node/p450/pose
